2024-03-07 22:25:50,584{GMT}	INFO	[jepsen test runner] jepsen.core: Command line:
lein run test -w echo --bin /home/shashwat/go/bin/maelstrom-echo --node-count 1 --time-limit 10
2024-03-07 22:25:50,641{GMT}	INFO	[jepsen test runner] jepsen.core: Running test:
{:args []
 :remote
 #jepsen.control.retry.Remote{:remote #jepsen.control.scp.Remote{:cmd-remote #jepsen.control.sshj.SSHJRemote{:concurrency-limit 6,
                                                                                                             :conn-spec nil,
                                                                                                             :client nil,
                                                                                                             :semaphore nil},
                                                                 :conn-spec nil},
                              :conn nil}
 :log-net-send false
 :node-count 1
 :availability nil
 :max-txn-length 4
 :concurrency 1
 :db
 #object[maelstrom.db$db$reify__16142
         "0x31906cb2"
         "maelstrom.db$db$reify__16142@31906cb2"]
 :max-writes-per-key 16
 :leave-db-running? false
 :name "echo"
 :logging-json? false
 :start-time
 #object[org.joda.time.DateTime "0x1d7d2345" "2024-03-07T22:25:50.569+05:30"]
 :nemesis-interval 10
 :net
 #object[maelstrom.net$jepsen_net$reify__15251
         "0x43a8dd9b"
         "maelstrom.net$jepsen_net$reify__15251@43a8dd9b"]
 :client
 #object[maelstrom.workload.echo$client$reify__16863
         "0x1c7159d5"
         "maelstrom.workload.echo$client$reify__16863@1c7159d5"]
 :barrier
 #object[java.util.concurrent.CyclicBarrier
         "0x62cad0e8"
         "java.util.concurrent.CyclicBarrier@62cad0e8"]
 :log-stderr false
 :pure-generators true
 :ssh {:dummy? true}
 :rate 5
 :checker
 #object[jepsen.checker$compose$reify__11881
         "0x1659a0ff"
         "jepsen.checker$compose$reify__11881@1659a0ff"]
 :argv
 ("test"
  "-w"
  "echo"
  "--bin"
  "/home/shashwat/go/bin/maelstrom-echo"
  "--node-count"
  "1"
  "--time-limit"
  "10")
 :nemesis
 (jepsen.nemesis.ReflCompose
  {:fm {:start-partition 0,
        :stop-partition 0,
        :kill 1,
        :start 1,
        :pause 1,
        :resume 1},
   :nemeses [#unprintable "jepsen.nemesis.combined$partition_nemesis$reify__16416@1398e3aa"
             #unprintable "jepsen.nemesis.combined$db_nemesis$reify__16397@531bffd"]})
 :nodes ["n0"]
 :test-count 1
 :latency {:mean 0, :dist :constant}
 :bin "/home/shashwat/go/bin/maelstrom-echo"
 :generator
 (jepsen.generator.TimeLimit
  {:limit 10000000000,
   :cutoff nil,
   :gen (jepsen.generator.Any
         {:gens [(jepsen.generator.OnThreads
                  {:f #{:nemesis},
                   :context-filter #object[jepsen.generator.context$make_thread_filter$lazy_filter__9167
                                           "0x157002b7"
                                           "jepsen.generator.context$make_thread_filter$lazy_filter__9167@157002b7"],
                   :gen nil})
                 (jepsen.generator.OnThreads
                  {:f #jepsen.generator.context.AllBut{:element :nemesis},
                   :context-filter #object[jepsen.generator.context$make_thread_filter$lazy_filter__9167
                                           "0x66227940"
                                           "jepsen.generator.context$make_thread_filter$lazy_filter__9167@66227940"],
                   :gen (jepsen.generator.Stagger
                         {:dt 400000000,
                          :next-time nil,
                          :gen (jepsen.generator.EachThread
                                {:fresh-gen #object[maelstrom.workload.echo$workload$fn__16882
                                                    "0xba76911"
                                                    "maelstrom.workload.echo$workload$fn__16882@ba76911"],
                                 :context-filters #object[clojure.core$promise$reify__8591
                                                          "0xffb8f15"
                                                          {:status :pending,
                                                           :val nil}],
                                 :gens {}})})})]})})
 :log-net-recv false
 :os
 #object[maelstrom.net$jepsen_os$reify__15254
         "0x1a0b51e7"
         "maelstrom.net$jepsen_os$reify__15254@1a0b51e7"]
 :time-limit 10
 :workload :echo
 :consistency-models [:strict-serializable]
 :topology :grid}

2024-03-07 22:25:52,063{GMT}	INFO	[jepsen node n0] maelstrom.net: Starting Maelstrom network
2024-03-07 22:25:52,065{GMT}	INFO	[jepsen test runner] jepsen.db: Tearing down DB
2024-03-07 22:25:52,067{GMT}	INFO	[jepsen test runner] jepsen.db: Setting up DB
2024-03-07 22:25:52,071{GMT}	INFO	[jepsen node n0] maelstrom.service: Starting services: (lin-kv lin-tso lww-kv seq-kv)
2024-03-07 22:25:52,076{GMT}	INFO	[jepsen node n0] maelstrom.db: Setting up n0
2024-03-07 22:25:52,077{GMT}	INFO	[jepsen node n0] maelstrom.process: launching /home/shashwat/go/bin/maelstrom-echo []
2024-03-07 22:25:52,104{GMT}	INFO	[jepsen test runner] jepsen.core: Relative time begins now
2024-03-07 22:25:52,120{GMT}	INFO	[jepsen worker 0] jepsen.util: 0	:invoke	:echo	"Please echo 85"
2024-03-07 22:25:52,130{GMT}	INFO	[jepsen worker 0] jepsen.util: 0	:ok	:echo	{:echo "Please echo 85", :in_reply_to 1, :msg_id 1, :type "echo_ok"}
2024-03-07 22:25:52,271{GMT}	INFO	[jepsen worker 0] jepsen.util: 0	:invoke	:echo	"Please echo 86"
2024-03-07 22:25:52,274{GMT}	INFO	[jepsen worker 0] jepsen.util: 0	:ok	:echo	{:echo "Please echo 86", :in_reply_to 2, :msg_id 2, :type "echo_ok"}
2024-03-07 22:25:52,506{GMT}	INFO	[jepsen worker 0] jepsen.util: 0	:invoke	:echo	"Please echo 38"
2024-03-07 22:25:52,508{GMT}	INFO	[jepsen worker 0] jepsen.util: 0	:ok	:echo	{:echo "Please echo 38", :in_reply_to 3, :msg_id 3, :type "echo_ok"}
2024-03-07 22:25:52,643{GMT}	INFO	[jepsen worker 0] jepsen.util: 0	:invoke	:echo	"Please echo 64"
2024-03-07 22:25:52,646{GMT}	INFO	[jepsen worker 0] jepsen.util: 0	:ok	:echo	{:echo "Please echo 64", :in_reply_to 4, :msg_id 4, :type "echo_ok"}
2024-03-07 22:25:52,967{GMT}	INFO	[jepsen worker 0] jepsen.util: 0	:invoke	:echo	"Please echo 102"
2024-03-07 22:25:52,969{GMT}	INFO	[jepsen worker 0] jepsen.util: 0	:ok	:echo	{:echo "Please echo 102", :in_reply_to 5, :msg_id 5, :type "echo_ok"}
2024-03-07 22:25:53,227{GMT}	INFO	[jepsen worker 0] jepsen.util: 0	:invoke	:echo	"Please echo 2"
2024-03-07 22:25:53,229{GMT}	INFO	[jepsen worker 0] jepsen.util: 0	:ok	:echo	{:echo "Please echo 2", :in_reply_to 6, :msg_id 6, :type "echo_ok"}
2024-03-07 22:25:53,611{GMT}	INFO	[jepsen worker 0] jepsen.util: 0	:invoke	:echo	"Please echo 103"
2024-03-07 22:25:53,613{GMT}	INFO	[jepsen worker 0] jepsen.util: 0	:ok	:echo	{:echo "Please echo 103", :in_reply_to 7, :msg_id 7, :type "echo_ok"}
2024-03-07 22:25:53,678{GMT}	INFO	[jepsen worker 0] jepsen.util: 0	:invoke	:echo	"Please echo 103"
2024-03-07 22:25:53,680{GMT}	INFO	[jepsen worker 0] jepsen.util: 0	:ok	:echo	{:echo "Please echo 103", :in_reply_to 8, :msg_id 8, :type "echo_ok"}
2024-03-07 22:25:53,864{GMT}	INFO	[jepsen worker 0] jepsen.util: 0	:invoke	:echo	"Please echo 126"
2024-03-07 22:25:53,867{GMT}	INFO	[jepsen worker 0] jepsen.util: 0	:ok	:echo	{:echo "Please echo 126", :in_reply_to 9, :msg_id 9, :type "echo_ok"}
2024-03-07 22:25:53,912{GMT}	INFO	[jepsen worker 0] jepsen.util: 0	:invoke	:echo	"Please echo 17"
2024-03-07 22:25:53,914{GMT}	INFO	[jepsen worker 0] jepsen.util: 0	:ok	:echo	{:echo "Please echo 17", :in_reply_to 10, :msg_id 10, :type "echo_ok"}
2024-03-07 22:25:53,957{GMT}	INFO	[jepsen worker 0] jepsen.util: 0	:invoke	:echo	"Please echo 92"
2024-03-07 22:25:53,959{GMT}	INFO	[jepsen worker 0] jepsen.util: 0	:ok	:echo	{:echo "Please echo 92", :in_reply_to 11, :msg_id 11, :type "echo_ok"}
2024-03-07 22:25:54,198{GMT}	INFO	[jepsen worker 0] jepsen.util: 0	:invoke	:echo	"Please echo 124"
2024-03-07 22:25:54,200{GMT}	INFO	[jepsen worker 0] jepsen.util: 0	:ok	:echo	{:echo "Please echo 124", :in_reply_to 12, :msg_id 12, :type "echo_ok"}
2024-03-07 22:25:54,467{GMT}	INFO	[jepsen worker 0] jepsen.util: 0	:invoke	:echo	"Please echo 104"
2024-03-07 22:25:54,470{GMT}	INFO	[jepsen worker 0] jepsen.util: 0	:ok	:echo	{:echo "Please echo 104", :in_reply_to 13, :msg_id 13, :type "echo_ok"}
2024-03-07 22:25:54,709{GMT}	INFO	[jepsen worker 0] jepsen.util: 0	:invoke	:echo	"Please echo 106"
2024-03-07 22:25:54,711{GMT}	INFO	[jepsen worker 0] jepsen.util: 0	:ok	:echo	{:echo "Please echo 106", :in_reply_to 14, :msg_id 14, :type "echo_ok"}
2024-03-07 22:25:54,913{GMT}	INFO	[jepsen worker 0] jepsen.util: 0	:invoke	:echo	"Please echo 89"
2024-03-07 22:25:54,914{GMT}	INFO	[jepsen worker 0] jepsen.util: 0	:ok	:echo	{:echo "Please echo 89", :in_reply_to 15, :msg_id 15, :type "echo_ok"}
2024-03-07 22:25:55,269{GMT}	INFO	[jepsen worker 0] jepsen.util: 0	:invoke	:echo	"Please echo 6"
2024-03-07 22:25:55,271{GMT}	INFO	[jepsen worker 0] jepsen.util: 0	:ok	:echo	{:echo "Please echo 6", :in_reply_to 16, :msg_id 16, :type "echo_ok"}
2024-03-07 22:25:55,593{GMT}	INFO	[jepsen worker 0] jepsen.util: 0	:invoke	:echo	"Please echo 18"
2024-03-07 22:25:55,595{GMT}	INFO	[jepsen worker 0] jepsen.util: 0	:ok	:echo	{:echo "Please echo 18", :in_reply_to 17, :msg_id 17, :type "echo_ok"}
2024-03-07 22:25:55,802{GMT}	INFO	[jepsen worker 0] jepsen.util: 0	:invoke	:echo	"Please echo 69"
2024-03-07 22:25:55,804{GMT}	INFO	[jepsen worker 0] jepsen.util: 0	:ok	:echo	{:echo "Please echo 69", :in_reply_to 18, :msg_id 18, :type "echo_ok"}
2024-03-07 22:25:55,976{GMT}	INFO	[jepsen worker 0] jepsen.util: 0	:invoke	:echo	"Please echo 9"
2024-03-07 22:25:55,978{GMT}	INFO	[jepsen worker 0] jepsen.util: 0	:ok	:echo	{:echo "Please echo 9", :in_reply_to 19, :msg_id 19, :type "echo_ok"}
2024-03-07 22:25:56,367{GMT}	INFO	[jepsen worker 0] jepsen.util: 0	:invoke	:echo	"Please echo 120"
2024-03-07 22:25:56,368{GMT}	INFO	[jepsen worker 0] jepsen.util: 0	:ok	:echo	{:echo "Please echo 120", :in_reply_to 20, :msg_id 20, :type "echo_ok"}
2024-03-07 22:25:56,458{GMT}	INFO	[jepsen worker 0] jepsen.util: 0	:invoke	:echo	"Please echo 39"
2024-03-07 22:25:56,461{GMT}	INFO	[jepsen worker 0] jepsen.util: 0	:ok	:echo	{:echo "Please echo 39", :in_reply_to 21, :msg_id 21, :type "echo_ok"}
2024-03-07 22:25:56,469{GMT}	INFO	[jepsen worker 0] jepsen.util: 0	:invoke	:echo	"Please echo 45"
2024-03-07 22:25:56,472{GMT}	INFO	[jepsen worker 0] jepsen.util: 0	:ok	:echo	{:echo "Please echo 45", :in_reply_to 22, :msg_id 22, :type "echo_ok"}
2024-03-07 22:25:56,750{GMT}	INFO	[jepsen worker 0] jepsen.util: 0	:invoke	:echo	"Please echo 43"
2024-03-07 22:25:56,752{GMT}	INFO	[jepsen worker 0] jepsen.util: 0	:ok	:echo	{:echo "Please echo 43", :in_reply_to 23, :msg_id 23, :type "echo_ok"}
2024-03-07 22:25:56,886{GMT}	INFO	[jepsen worker 0] jepsen.util: 0	:invoke	:echo	"Please echo 40"
2024-03-07 22:25:56,889{GMT}	INFO	[jepsen worker 0] jepsen.util: 0	:ok	:echo	{:echo "Please echo 40", :in_reply_to 24, :msg_id 24, :type "echo_ok"}
2024-03-07 22:25:57,132{GMT}	INFO	[jepsen worker 0] jepsen.util: 0	:invoke	:echo	"Please echo 109"
2024-03-07 22:25:57,135{GMT}	INFO	[jepsen worker 0] jepsen.util: 0	:ok	:echo	{:echo "Please echo 109", :in_reply_to 25, :msg_id 25, :type "echo_ok"}
2024-03-07 22:25:57,414{GMT}	INFO	[jepsen worker 0] jepsen.util: 0	:invoke	:echo	"Please echo 113"
2024-03-07 22:25:57,417{GMT}	INFO	[jepsen worker 0] jepsen.util: 0	:ok	:echo	{:echo "Please echo 113", :in_reply_to 26, :msg_id 26, :type "echo_ok"}
2024-03-07 22:25:57,674{GMT}	INFO	[jepsen worker 0] jepsen.util: 0	:invoke	:echo	"Please echo 43"
2024-03-07 22:25:57,676{GMT}	INFO	[jepsen worker 0] jepsen.util: 0	:ok	:echo	{:echo "Please echo 43", :in_reply_to 27, :msg_id 27, :type "echo_ok"}
2024-03-07 22:25:57,758{GMT}	INFO	[jepsen worker 0] jepsen.util: 0	:invoke	:echo	"Please echo 48"
2024-03-07 22:25:57,760{GMT}	INFO	[jepsen worker 0] jepsen.util: 0	:ok	:echo	{:echo "Please echo 48", :in_reply_to 28, :msg_id 28, :type "echo_ok"}
2024-03-07 22:25:58,045{GMT}	INFO	[jepsen worker 0] jepsen.util: 0	:invoke	:echo	"Please echo 75"
2024-03-07 22:25:58,048{GMT}	INFO	[jepsen worker 0] jepsen.util: 0	:ok	:echo	{:echo "Please echo 75", :in_reply_to 29, :msg_id 29, :type "echo_ok"}
2024-03-07 22:25:58,234{GMT}	INFO	[jepsen worker 0] jepsen.util: 0	:invoke	:echo	"Please echo 98"
2024-03-07 22:25:58,236{GMT}	INFO	[jepsen worker 0] jepsen.util: 0	:ok	:echo	{:echo "Please echo 98", :in_reply_to 30, :msg_id 30, :type "echo_ok"}
2024-03-07 22:25:58,531{GMT}	INFO	[jepsen worker 0] jepsen.util: 0	:invoke	:echo	"Please echo 125"
2024-03-07 22:25:58,533{GMT}	INFO	[jepsen worker 0] jepsen.util: 0	:ok	:echo	{:echo "Please echo 125", :in_reply_to 31, :msg_id 31, :type "echo_ok"}
2024-03-07 22:25:58,894{GMT}	INFO	[jepsen worker 0] jepsen.util: 0	:invoke	:echo	"Please echo 74"
2024-03-07 22:25:58,896{GMT}	INFO	[jepsen worker 0] jepsen.util: 0	:ok	:echo	{:echo "Please echo 74", :in_reply_to 32, :msg_id 32, :type "echo_ok"}
2024-03-07 22:25:59,256{GMT}	INFO	[jepsen worker 0] jepsen.util: 0	:invoke	:echo	"Please echo 127"
2024-03-07 22:25:59,258{GMT}	INFO	[jepsen worker 0] jepsen.util: 0	:ok	:echo	{:echo "Please echo 127", :in_reply_to 33, :msg_id 33, :type "echo_ok"}
2024-03-07 22:25:59,527{GMT}	INFO	[jepsen worker 0] jepsen.util: 0	:invoke	:echo	"Please echo 103"
2024-03-07 22:25:59,529{GMT}	INFO	[jepsen worker 0] jepsen.util: 0	:ok	:echo	{:echo "Please echo 103", :in_reply_to 34, :msg_id 34, :type "echo_ok"}
2024-03-07 22:25:59,616{GMT}	INFO	[jepsen worker 0] jepsen.util: 0	:invoke	:echo	"Please echo 79"
2024-03-07 22:25:59,618{GMT}	INFO	[jepsen worker 0] jepsen.util: 0	:ok	:echo	{:echo "Please echo 79", :in_reply_to 35, :msg_id 35, :type "echo_ok"}
2024-03-07 22:25:59,806{GMT}	INFO	[jepsen worker 0] jepsen.util: 0	:invoke	:echo	"Please echo 36"
2024-03-07 22:25:59,807{GMT}	INFO	[jepsen worker 0] jepsen.util: 0	:ok	:echo	{:echo "Please echo 36", :in_reply_to 36, :msg_id 36, :type "echo_ok"}
2024-03-07 22:25:59,866{GMT}	INFO	[jepsen worker 0] jepsen.util: 0	:invoke	:echo	"Please echo 23"
2024-03-07 22:25:59,868{GMT}	INFO	[jepsen worker 0] jepsen.util: 0	:ok	:echo	{:echo "Please echo 23", :in_reply_to 37, :msg_id 37, :type "echo_ok"}
2024-03-07 22:26:00,094{GMT}	INFO	[jepsen worker 0] jepsen.util: 0	:invoke	:echo	"Please echo 6"
2024-03-07 22:26:00,096{GMT}	INFO	[jepsen worker 0] jepsen.util: 0	:ok	:echo	{:echo "Please echo 6", :in_reply_to 38, :msg_id 38, :type "echo_ok"}
2024-03-07 22:26:00,346{GMT}	INFO	[jepsen worker 0] jepsen.util: 0	:invoke	:echo	"Please echo 55"
2024-03-07 22:26:00,347{GMT}	INFO	[jepsen worker 0] jepsen.util: 0	:ok	:echo	{:echo "Please echo 55", :in_reply_to 39, :msg_id 39, :type "echo_ok"}
2024-03-07 22:26:00,693{GMT}	INFO	[jepsen worker 0] jepsen.util: 0	:invoke	:echo	"Please echo 119"
2024-03-07 22:26:00,695{GMT}	INFO	[jepsen worker 0] jepsen.util: 0	:ok	:echo	{:echo "Please echo 119", :in_reply_to 40, :msg_id 40, :type "echo_ok"}
2024-03-07 22:26:00,814{GMT}	INFO	[jepsen worker 0] jepsen.util: 0	:invoke	:echo	"Please echo 104"
2024-03-07 22:26:00,816{GMT}	INFO	[jepsen worker 0] jepsen.util: 0	:ok	:echo	{:echo "Please echo 104", :in_reply_to 41, :msg_id 41, :type "echo_ok"}
2024-03-07 22:26:01,052{GMT}	INFO	[jepsen worker 0] jepsen.util: 0	:invoke	:echo	"Please echo 54"
2024-03-07 22:26:01,054{GMT}	INFO	[jepsen worker 0] jepsen.util: 0	:ok	:echo	{:echo "Please echo 54", :in_reply_to 42, :msg_id 42, :type "echo_ok"}
2024-03-07 22:26:01,116{GMT}	INFO	[jepsen worker 0] jepsen.util: 0	:invoke	:echo	"Please echo 48"
2024-03-07 22:26:01,117{GMT}	INFO	[jepsen worker 0] jepsen.util: 0	:ok	:echo	{:echo "Please echo 48", :in_reply_to 43, :msg_id 43, :type "echo_ok"}
2024-03-07 22:26:01,227{GMT}	INFO	[jepsen worker 0] jepsen.util: 0	:invoke	:echo	"Please echo 35"
2024-03-07 22:26:01,230{GMT}	INFO	[jepsen worker 0] jepsen.util: 0	:ok	:echo	{:echo "Please echo 35", :in_reply_to 44, :msg_id 44, :type "echo_ok"}
2024-03-07 22:26:01,570{GMT}	INFO	[jepsen worker 0] jepsen.util: 0	:invoke	:echo	"Please echo 112"
2024-03-07 22:26:01,572{GMT}	INFO	[jepsen worker 0] jepsen.util: 0	:ok	:echo	{:echo "Please echo 112", :in_reply_to 45, :msg_id 45, :type "echo_ok"}
2024-03-07 22:26:01,660{GMT}	INFO	[jepsen worker 0] jepsen.util: 0	:invoke	:echo	"Please echo 77"
2024-03-07 22:26:01,662{GMT}	INFO	[jepsen worker 0] jepsen.util: 0	:ok	:echo	{:echo "Please echo 77", :in_reply_to 46, :msg_id 46, :type "echo_ok"}
2024-03-07 22:26:01,718{GMT}	INFO	[jepsen worker 0] jepsen.util: 0	:invoke	:echo	"Please echo 88"
2024-03-07 22:26:01,722{GMT}	INFO	[jepsen worker 0] jepsen.util: 0	:ok	:echo	{:echo "Please echo 88", :in_reply_to 47, :msg_id 47, :type "echo_ok"}
2024-03-07 22:26:01,900{GMT}	INFO	[jepsen worker 0] jepsen.util: 0	:invoke	:echo	"Please echo 87"
2024-03-07 22:26:01,902{GMT}	INFO	[jepsen worker 0] jepsen.util: 0	:ok	:echo	{:echo "Please echo 87", :in_reply_to 48, :msg_id 48, :type "echo_ok"}
2024-03-07 22:26:02,113{GMT}	INFO	[jepsen worker 0] jepsen.util: 0	:invoke	:echo	"Please echo 12"
2024-03-07 22:26:02,115{GMT}	INFO	[jepsen worker 0] jepsen.util: 0	:ok	:echo	{:echo "Please echo 12", :in_reply_to 49, :msg_id 49, :type "echo_ok"}
2024-03-07 22:26:02,140{GMT}	INFO	[jepsen test runner] jepsen.core: Run complete, writing
2024-03-07 22:26:02,207{GMT}	INFO	[jepsen node n0] maelstrom.db: Tearing down n0
2024-03-07 22:26:04,080{GMT}	INFO	[jepsen node n0] maelstrom.net: Shutting down Maelstrom network
2024-03-07 22:26:04,082{GMT}	INFO	[jepsen test runner] jepsen.core: Analyzing...
2024-03-07 22:26:04,228{GMT}	INFO	[jepsen test runner] jepsen.core: Analysis complete
2024-03-07 22:26:04,235{GMT}	INFO	[jepsen results] jepsen.store: Wrote /home/shashwat/Downloads/maelstrom/store/echo/20240307T222550.569+0530/results.edn
2024-03-07 22:26:04,249{GMT}	INFO	[jepsen test runner] jepsen.core: {:perf {:latency-graph {:valid? true},
        :rate-graph {:valid? true},
        :valid? true},
 :timeline {:valid? true},
 :exceptions {:valid? true},
 :stats {:valid? true,
         :count 49,
         :ok-count 49,
         :fail-count 0,
         :info-count 0,
         :by-f {:echo {:valid? true,
                       :count 49,
                       :ok-count 49,
                       :fail-count 0,
                       :info-count 0}}},
 :availability {:valid? true, :ok-fraction 1.0},
 :net {:all {:send-count 100,
             :recv-count 100,
             :msg-count 100,
             :msgs-per-op 2.0408163},
       :clients {:send-count 100, :recv-count 100, :msg-count 100},
       :servers {:send-count 0,
                 :recv-count 0,
                 :msg-count 0,
                 :msgs-per-op 0.0},
       :valid? true},
 :workload {:valid? true, :errors ()},
 :valid? true}


Everything looks good! ヽ(‘ー`)ノ
