2024-03-07 22:32:12,924{GMT}	INFO	[jepsen test runner] jepsen.core: Command line:
lein run test -w echo --bin /home/shashwat/go/bin/maelstrom-unique-ids --node-count 1 --time-limit 10
2024-03-07 22:32:12,980{GMT}	INFO	[jepsen test runner] jepsen.core: Running test:
{:args []
 :remote
 #jepsen.control.retry.Remote{:remote #jepsen.control.scp.Remote{:cmd-remote #jepsen.control.sshj.SSHJRemote{:concurrency-limit 6,
                                                                                                             :conn-spec nil,
                                                                                                             :client nil,
                                                                                                             :semaphore nil},
                                                                 :conn-spec nil},
                              :conn nil}
 :log-net-send false
 :node-count 1
 :availability nil
 :max-txn-length 4
 :concurrency 1
 :db
 #object[maelstrom.db$db$reify__16142
         "0x67171221"
         "maelstrom.db$db$reify__16142@67171221"]
 :max-writes-per-key 16
 :leave-db-running? false
 :name "echo"
 :logging-json? false
 :start-time
 #object[org.joda.time.DateTime "0x1c7159d5" "2024-03-07T22:32:12.905+05:30"]
 :nemesis-interval 10
 :net
 #object[maelstrom.net$jepsen_net$reify__15251
         "0x62cad0e8"
         "maelstrom.net$jepsen_net$reify__15251@62cad0e8"]
 :client
 #object[maelstrom.workload.echo$client$reify__16863
         "0x1659a0ff"
         "maelstrom.workload.echo$client$reify__16863@1659a0ff"]
 :barrier
 #object[java.util.concurrent.CyclicBarrier
         "0x1398e3aa"
         "java.util.concurrent.CyclicBarrier@1398e3aa"]
 :log-stderr false
 :pure-generators true
 :ssh {:dummy? true}
 :rate 5
 :checker
 #object[jepsen.checker$compose$reify__11881
         "0x531bffd"
         "jepsen.checker$compose$reify__11881@531bffd"]
 :argv
 ("test"
  "-w"
  "echo"
  "--bin"
  "/home/shashwat/go/bin/maelstrom-unique-ids"
  "--node-count"
  "1"
  "--time-limit"
  "10")
 :nemesis
 (jepsen.nemesis.ReflCompose
  {:fm {:start-partition 0,
        :stop-partition 0,
        :kill 1,
        :start 1,
        :pause 1,
        :resume 1},
   :nemeses [#unprintable "jepsen.nemesis.combined$partition_nemesis$reify__16416@31c87223"
             #unprintable "jepsen.nemesis.combined$db_nemesis$reify__16397@6a4d72bd"]})
 :nodes ["n0"]
 :test-count 1
 :latency {:mean 0, :dist :constant}
 :bin "/home/shashwat/go/bin/maelstrom-unique-ids"
 :generator
 (jepsen.generator.TimeLimit
  {:limit 10000000000,
   :cutoff nil,
   :gen (jepsen.generator.Any
         {:gens [(jepsen.generator.OnThreads
                  {:f #{:nemesis},
                   :context-filter #object[jepsen.generator.context$make_thread_filter$lazy_filter__9167
                                           "0xba76911"
                                           "jepsen.generator.context$make_thread_filter$lazy_filter__9167@ba76911"],
                   :gen nil})
                 (jepsen.generator.OnThreads
                  {:f #jepsen.generator.context.AllBut{:element :nemesis},
                   :context-filter #object[jepsen.generator.context$make_thread_filter$lazy_filter__9167
                                           "0xffb8f15"
                                           "jepsen.generator.context$make_thread_filter$lazy_filter__9167@ffb8f15"],
                   :gen (jepsen.generator.Stagger
                         {:dt 400000000,
                          :next-time nil,
                          :gen (jepsen.generator.EachThread
                                {:fresh-gen #object[maelstrom.workload.echo$workload$fn__16882
                                                    "0x1a0b51e7"
                                                    "maelstrom.workload.echo$workload$fn__16882@1a0b51e7"],
                                 :context-filters #object[clojure.core$promise$reify__8591
                                                          "0x6f96d39f"
                                                          {:status :pending,
                                                           :val nil}],
                                 :gens {}})})})]})})
 :log-net-recv false
 :os
 #object[maelstrom.net$jepsen_os$reify__15254
         "0x5f49c09d"
         "maelstrom.net$jepsen_os$reify__15254@5f49c09d"]
 :time-limit 10
 :workload :echo
 :consistency-models [:strict-serializable]
 :topology :grid}

2024-03-07 22:32:14,474{GMT}	INFO	[jepsen node n0] maelstrom.net: Starting Maelstrom network
2024-03-07 22:32:14,476{GMT}	INFO	[jepsen test runner] jepsen.db: Tearing down DB
2024-03-07 22:32:14,478{GMT}	INFO	[jepsen test runner] jepsen.db: Setting up DB
2024-03-07 22:32:14,480{GMT}	INFO	[jepsen node n0] maelstrom.service: Starting services: (lin-kv lin-tso lww-kv seq-kv)
2024-03-07 22:32:14,484{GMT}	INFO	[jepsen node n0] maelstrom.db: Setting up n0
2024-03-07 22:32:14,485{GMT}	INFO	[jepsen node n0] maelstrom.process: launching /home/shashwat/go/bin/maelstrom-unique-ids []
2024-03-07 22:32:14,507{GMT}	INFO	[jepsen test runner] jepsen.core: Relative time begins now
2024-03-07 22:32:14,524{GMT}	INFO	[jepsen worker 0] jepsen.util: 0	:invoke	:echo	"Please echo 47"
2024-03-07 22:32:19,527{GMT}	INFO	[jepsen worker 0] jepsen.util: 0	:info	:echo	"Please echo 47"	:net-timeout
2024-03-07 22:32:19,529{GMT}	INFO	[jepsen worker 0] jepsen.util: 1	:invoke	:echo	"Please echo 89"
2024-03-07 22:32:24,530{GMT}	INFO	[jepsen worker 0] jepsen.util: 1	:info	:echo	"Please echo 89"	:net-timeout
2024-03-07 22:32:24,547{GMT}	INFO	[jepsen test runner] jepsen.core: Run complete, writing
2024-03-07 22:32:24,589{GMT}	INFO	[jepsen node n0] maelstrom.db: Tearing down n0
2024-03-07 22:32:25,536{GMT}	INFO	[jepsen node n0] maelstrom.net: Shutting down Maelstrom network
2024-03-07 22:32:25,539{GMT}	WARN	[jepsen test runner] jepsen.core: Test crashed!
clojure.lang.ExceptionInfo: Node n0 crashed with exit status 1. Before crashing, it wrote to STDOUT:

{"src":"n0","dest":"c0","body":{"in_reply_to":1,"type":"init_ok"}}

And to STDERR:

2024/03/07 22:32:14 Received {c0 n0 {"type":"init","node_id":"n0","node_ids":["n0"],"msg_id":1}}
2024/03/07 22:32:14 Node n0 initialized
2024/03/07 22:32:14 Sent {"src":"n0","dest":"c0","body":{"in_reply_to":1,"type":"init_ok"}}
2024/03/07 22:32:14 Received {c2 n0 {"echo":"Please echo 47","type":"echo","msg_id":1}}
2024/03/07 22:32:14 No handler for {"id":2,"src":"c2","dest":"n0","body":{"echo":"Please echo 47","type":"echo","msg_id":1}}

Full STDERR logs are available in /home/shashwat/Downloads/maelstrom/store/echo/20240307T223212.905+0530/node-logs/n0.log
	at slingshot.support$stack_trace.invoke(support.clj:201)
	at maelstrom.process$stop_node_BANG_.invokeStatic(process.clj:239)
	at maelstrom.process$stop_node_BANG_.invoke(process.clj:217)
	at maelstrom.db$db$reify__16142.teardown_BANG_(db.clj:75)
	at jepsen.db$fn__8744$G__8725__8748.invoke(db.clj:12)
	at jepsen.db$fn__8744$G__8724__8753.invoke(db.clj:12)
	at clojure.core$partial$fn__5908.invoke(core.clj:2642)
	at jepsen.control$on_nodes$fn__8599.invoke(control.clj:314)
	at clojure.lang.AFn.applyToHelper(AFn.java:154)
	at clojure.lang.AFn.applyTo(AFn.java:144)
	at clojure.core$apply.invokeStatic(core.clj:667)
	at clojure.core$with_bindings_STAR_.invokeStatic(core.clj:1990)
	at clojure.core$with_bindings_STAR_.doInvoke(core.clj:1990)
	at clojure.lang.RestFn.applyTo(RestFn.java:142)
	at clojure.core$apply.invokeStatic(core.clj:671)
	at clojure.core$bound_fn_STAR_$fn__5818.doInvoke(core.clj:2020)
	at clojure.lang.RestFn.invoke(RestFn.java:408)
	at dom_top.core$real_pmap_helper$build_thread__211$fn__212.invoke(core.clj:163)
	at clojure.lang.AFn.applyToHelper(AFn.java:152)
	at clojure.lang.AFn.applyTo(AFn.java:144)
	at clojure.core$apply.invokeStatic(core.clj:667)
	at clojure.core$with_bindings_STAR_.invokeStatic(core.clj:1990)
	at clojure.core$with_bindings_STAR_.doInvoke(core.clj:1990)
	at clojure.lang.RestFn.invoke(RestFn.java:425)
	at clojure.lang.AFn.applyToHelper(AFn.java:156)
	at clojure.lang.RestFn.applyTo(RestFn.java:132)
	at clojure.core$apply.invokeStatic(core.clj:671)
	at clojure.core$bound_fn_STAR_$fn__5818.doInvoke(core.clj:2020)
	at clojure.lang.RestFn.invoke(RestFn.java:397)
	at clojure.lang.AFn.run(AFn.java:22)
	at java.base/java.lang.Thread.run(Thread.java:829)
