2024-03-07 22:14:32,578{GMT}	INFO	[jepsen test runner] jepsen.core: Command line:
lein run test -w echo --bin /home/shashwat/go/bin/maelstrom-echo --node-count 1 --time-limit 10
2024-03-07 22:14:32,637{GMT}	INFO	[jepsen test runner] jepsen.core: Running test:
{:args []
 :remote
 #jepsen.control.retry.Remote{:remote #jepsen.control.scp.Remote{:cmd-remote #jepsen.control.sshj.SSHJRemote{:concurrency-limit 6,
                                                                                                             :conn-spec nil,
                                                                                                             :client nil,
                                                                                                             :semaphore nil},
                                                                 :conn-spec nil},
                              :conn nil}
 :log-net-send false
 :node-count 1
 :availability nil
 :max-txn-length 4
 :concurrency 1
 :db
 #object[maelstrom.db$db$reify__16142
         "0x207fce87"
         "maelstrom.db$db$reify__16142@207fce87"]
 :max-writes-per-key 16
 :leave-db-running? false
 :name "echo"
 :logging-json? false
 :start-time
 #object[org.joda.time.DateTime "0x43a8dd9b" "2024-03-07T22:14:32.562+05:30"]
 :nemesis-interval 10
 :net
 #object[maelstrom.net$jepsen_net$reify__15251
         "0x1c7159d5"
         "maelstrom.net$jepsen_net$reify__15251@1c7159d5"]
 :client
 #object[maelstrom.workload.echo$client$reify__16863
         "0x62cad0e8"
         "maelstrom.workload.echo$client$reify__16863@62cad0e8"]
 :barrier
 #object[java.util.concurrent.CyclicBarrier
         "0x1659a0ff"
         "java.util.concurrent.CyclicBarrier@1659a0ff"]
 :log-stderr false
 :pure-generators true
 :ssh {:dummy? true}
 :rate 5
 :checker
 #object[jepsen.checker$compose$reify__11881
         "0x1398e3aa"
         "jepsen.checker$compose$reify__11881@1398e3aa"]
 :argv
 ("test"
  "-w"
  "echo"
  "--bin"
  "/home/shashwat/go/bin/maelstrom-echo"
  "--node-count"
  "1"
  "--time-limit"
  "10")
 :nemesis
 (jepsen.nemesis.ReflCompose
  {:fm {:start-partition 0,
        :stop-partition 0,
        :kill 1,
        :start 1,
        :pause 1,
        :resume 1},
   :nemeses [#unprintable "jepsen.nemesis.combined$partition_nemesis$reify__16416@531bffd"
             #unprintable "jepsen.nemesis.combined$db_nemesis$reify__16397@31c87223"]})
 :nodes ["n0"]
 :test-count 1
 :latency {:mean 0, :dist :constant}
 :bin "/home/shashwat/go/bin/maelstrom-echo"
 :generator
 (jepsen.generator.TimeLimit
  {:limit 10000000000,
   :cutoff nil,
   :gen (jepsen.generator.Any
         {:gens [(jepsen.generator.OnThreads
                  {:f #{:nemesis},
                   :context-filter #object[jepsen.generator.context$make_thread_filter$lazy_filter__9167
                                           "0x66227940"
                                           "jepsen.generator.context$make_thread_filter$lazy_filter__9167@66227940"],
                   :gen nil})
                 (jepsen.generator.OnThreads
                  {:f #jepsen.generator.context.AllBut{:element :nemesis},
                   :context-filter #object[jepsen.generator.context$make_thread_filter$lazy_filter__9167
                                           "0xba76911"
                                           "jepsen.generator.context$make_thread_filter$lazy_filter__9167@ba76911"],
                   :gen (jepsen.generator.Stagger
                         {:dt 400000000,
                          :next-time nil,
                          :gen (jepsen.generator.EachThread
                                {:fresh-gen #object[maelstrom.workload.echo$workload$fn__16882
                                                    "0xffb8f15"
                                                    "maelstrom.workload.echo$workload$fn__16882@ffb8f15"],
                                 :context-filters #object[clojure.core$promise$reify__8591
                                                          "0x1a0b51e7"
                                                          {:status :pending,
                                                           :val nil}],
                                 :gens {}})})})]})})
 :log-net-recv false
 :os
 #object[maelstrom.net$jepsen_os$reify__15254
         "0x6f96d39f"
         "maelstrom.net$jepsen_os$reify__15254@6f96d39f"]
 :time-limit 10
 :workload :echo
 :consistency-models [:strict-serializable]
 :topology :grid}

2024-03-07 22:14:34,098{GMT}	INFO	[jepsen node n0] maelstrom.net: Starting Maelstrom network
2024-03-07 22:14:34,099{GMT}	INFO	[jepsen test runner] jepsen.db: Tearing down DB
2024-03-07 22:14:34,101{GMT}	INFO	[jepsen test runner] jepsen.db: Setting up DB
2024-03-07 22:14:34,104{GMT}	INFO	[jepsen node n0] maelstrom.service: Starting services: (lin-kv lin-tso lww-kv seq-kv)
2024-03-07 22:14:34,108{GMT}	INFO	[jepsen node n0] maelstrom.db: Setting up n0
2024-03-07 22:14:34,109{GMT}	INFO	[jepsen node n0] maelstrom.process: launching /home/shashwat/go/bin/maelstrom-echo []
2024-03-07 22:14:34,132{GMT}	INFO	[jepsen test runner] jepsen.core: Relative time begins now
2024-03-07 22:14:34,145{GMT}	INFO	[jepsen worker 0] jepsen.util: 0	:invoke	:echo	"Please echo 20"
2024-03-07 22:14:34,153{GMT}	INFO	[jepsen worker 0] jepsen.util: 0	:ok	:echo	{:echo "Please echo 20", :in_reply_to 1, :msg_id 1, :type "echo_ok"}
2024-03-07 22:14:34,304{GMT}	INFO	[jepsen worker 0] jepsen.util: 0	:invoke	:echo	"Please echo 36"
2024-03-07 22:14:34,307{GMT}	INFO	[jepsen worker 0] jepsen.util: 0	:ok	:echo	{:echo "Please echo 36", :in_reply_to 2, :msg_id 2, :type "echo_ok"}
2024-03-07 22:14:34,396{GMT}	INFO	[jepsen worker 0] jepsen.util: 0	:invoke	:echo	"Please echo 67"
2024-03-07 22:14:34,398{GMT}	INFO	[jepsen worker 0] jepsen.util: 0	:ok	:echo	{:echo "Please echo 67", :in_reply_to 3, :msg_id 3, :type "echo_ok"}
2024-03-07 22:14:34,515{GMT}	INFO	[jepsen worker 0] jepsen.util: 0	:invoke	:echo	"Please echo 122"
2024-03-07 22:14:34,518{GMT}	INFO	[jepsen worker 0] jepsen.util: 0	:ok	:echo	{:echo "Please echo 122", :in_reply_to 4, :msg_id 4, :type "echo_ok"}
2024-03-07 22:14:34,839{GMT}	INFO	[jepsen worker 0] jepsen.util: 0	:invoke	:echo	"Please echo 67"
2024-03-07 22:14:34,843{GMT}	INFO	[jepsen worker 0] jepsen.util: 0	:ok	:echo	{:echo "Please echo 67", :in_reply_to 5, :msg_id 5, :type "echo_ok"}
2024-03-07 22:14:34,967{GMT}	INFO	[jepsen worker 0] jepsen.util: 0	:invoke	:echo	"Please echo 8"
2024-03-07 22:14:34,970{GMT}	INFO	[jepsen worker 0] jepsen.util: 0	:ok	:echo	{:echo "Please echo 8", :in_reply_to 6, :msg_id 6, :type "echo_ok"}
2024-03-07 22:14:35,316{GMT}	INFO	[jepsen worker 0] jepsen.util: 0	:invoke	:echo	"Please echo 26"
2024-03-07 22:14:35,319{GMT}	INFO	[jepsen worker 0] jepsen.util: 0	:ok	:echo	{:echo "Please echo 26", :in_reply_to 7, :msg_id 7, :type "echo_ok"}
2024-03-07 22:14:35,367{GMT}	INFO	[jepsen worker 0] jepsen.util: 0	:invoke	:echo	"Please echo 3"
2024-03-07 22:14:35,370{GMT}	INFO	[jepsen worker 0] jepsen.util: 0	:ok	:echo	{:echo "Please echo 3", :in_reply_to 8, :msg_id 8, :type "echo_ok"}
2024-03-07 22:14:35,758{GMT}	INFO	[jepsen worker 0] jepsen.util: 0	:invoke	:echo	"Please echo 71"
2024-03-07 22:14:35,761{GMT}	INFO	[jepsen worker 0] jepsen.util: 0	:ok	:echo	{:echo "Please echo 71", :in_reply_to 9, :msg_id 9, :type "echo_ok"}
2024-03-07 22:14:35,934{GMT}	INFO	[jepsen worker 0] jepsen.util: 0	:invoke	:echo	"Please echo 123"
2024-03-07 22:14:35,937{GMT}	INFO	[jepsen worker 0] jepsen.util: 0	:ok	:echo	{:echo "Please echo 123", :in_reply_to 10, :msg_id 10, :type "echo_ok"}
2024-03-07 22:14:36,294{GMT}	INFO	[jepsen worker 0] jepsen.util: 0	:invoke	:echo	"Please echo 78"
2024-03-07 22:14:36,296{GMT}	INFO	[jepsen worker 0] jepsen.util: 0	:ok	:echo	{:echo "Please echo 78", :in_reply_to 11, :msg_id 11, :type "echo_ok"}
2024-03-07 22:14:36,664{GMT}	INFO	[jepsen worker 0] jepsen.util: 0	:invoke	:echo	"Please echo 71"
2024-03-07 22:14:36,667{GMT}	INFO	[jepsen worker 0] jepsen.util: 0	:ok	:echo	{:echo "Please echo 71", :in_reply_to 12, :msg_id 12, :type "echo_ok"}
2024-03-07 22:14:36,998{GMT}	INFO	[jepsen worker 0] jepsen.util: 0	:invoke	:echo	"Please echo 51"
2024-03-07 22:14:37,001{GMT}	INFO	[jepsen worker 0] jepsen.util: 0	:ok	:echo	{:echo "Please echo 51", :in_reply_to 13, :msg_id 13, :type "echo_ok"}
2024-03-07 22:14:37,025{GMT}	INFO	[jepsen worker 0] jepsen.util: 0	:invoke	:echo	"Please echo 118"
2024-03-07 22:14:37,028{GMT}	INFO	[jepsen worker 0] jepsen.util: 0	:ok	:echo	{:echo "Please echo 118", :in_reply_to 14, :msg_id 14, :type "echo_ok"}
2024-03-07 22:14:37,203{GMT}	INFO	[jepsen worker 0] jepsen.util: 0	:invoke	:echo	"Please echo 76"
2024-03-07 22:14:37,206{GMT}	INFO	[jepsen worker 0] jepsen.util: 0	:ok	:echo	{:echo "Please echo 76", :in_reply_to 15, :msg_id 15, :type "echo_ok"}
2024-03-07 22:14:37,518{GMT}	INFO	[jepsen worker 0] jepsen.util: 0	:invoke	:echo	"Please echo 47"
2024-03-07 22:14:37,520{GMT}	INFO	[jepsen worker 0] jepsen.util: 0	:ok	:echo	{:echo "Please echo 47", :in_reply_to 16, :msg_id 16, :type "echo_ok"}
2024-03-07 22:14:37,649{GMT}	INFO	[jepsen worker 0] jepsen.util: 0	:invoke	:echo	"Please echo 115"
2024-03-07 22:14:37,652{GMT}	INFO	[jepsen worker 0] jepsen.util: 0	:ok	:echo	{:echo "Please echo 115", :in_reply_to 17, :msg_id 17, :type "echo_ok"}
2024-03-07 22:14:37,931{GMT}	INFO	[jepsen worker 0] jepsen.util: 0	:invoke	:echo	"Please echo 66"
2024-03-07 22:14:37,934{GMT}	INFO	[jepsen worker 0] jepsen.util: 0	:ok	:echo	{:echo "Please echo 66", :in_reply_to 18, :msg_id 18, :type "echo_ok"}
2024-03-07 22:14:37,954{GMT}	INFO	[jepsen worker 0] jepsen.util: 0	:invoke	:echo	"Please echo 41"
2024-03-07 22:14:37,956{GMT}	INFO	[jepsen worker 0] jepsen.util: 0	:ok	:echo	{:echo "Please echo 41", :in_reply_to 19, :msg_id 19, :type "echo_ok"}
2024-03-07 22:14:38,341{GMT}	INFO	[jepsen worker 0] jepsen.util: 0	:invoke	:echo	"Please echo 1"
2024-03-07 22:14:38,344{GMT}	INFO	[jepsen worker 0] jepsen.util: 0	:ok	:echo	{:echo "Please echo 1", :in_reply_to 20, :msg_id 20, :type "echo_ok"}
2024-03-07 22:14:38,397{GMT}	INFO	[jepsen worker 0] jepsen.util: 0	:invoke	:echo	"Please echo 18"
2024-03-07 22:14:38,400{GMT}	INFO	[jepsen worker 0] jepsen.util: 0	:ok	:echo	{:echo "Please echo 18", :in_reply_to 21, :msg_id 21, :type "echo_ok"}
2024-03-07 22:14:38,628{GMT}	INFO	[jepsen worker 0] jepsen.util: 0	:invoke	:echo	"Please echo 84"
2024-03-07 22:14:38,630{GMT}	INFO	[jepsen worker 0] jepsen.util: 0	:ok	:echo	{:echo "Please echo 84", :in_reply_to 22, :msg_id 22, :type "echo_ok"}
2024-03-07 22:14:38,822{GMT}	INFO	[jepsen worker 0] jepsen.util: 0	:invoke	:echo	"Please echo 39"
2024-03-07 22:14:38,824{GMT}	INFO	[jepsen worker 0] jepsen.util: 0	:ok	:echo	{:echo "Please echo 39", :in_reply_to 23, :msg_id 23, :type "echo_ok"}
2024-03-07 22:14:39,064{GMT}	INFO	[jepsen worker 0] jepsen.util: 0	:invoke	:echo	"Please echo 108"
2024-03-07 22:14:39,066{GMT}	INFO	[jepsen worker 0] jepsen.util: 0	:ok	:echo	{:echo "Please echo 108", :in_reply_to 24, :msg_id 24, :type "echo_ok"}
2024-03-07 22:14:39,067{GMT}	INFO	[jepsen worker 0] jepsen.util: 0	:invoke	:echo	"Please echo 46"
2024-03-07 22:14:39,069{GMT}	INFO	[jepsen worker 0] jepsen.util: 0	:ok	:echo	{:echo "Please echo 46", :in_reply_to 25, :msg_id 25, :type "echo_ok"}
2024-03-07 22:14:39,377{GMT}	INFO	[jepsen worker 0] jepsen.util: 0	:invoke	:echo	"Please echo 26"
2024-03-07 22:14:39,380{GMT}	INFO	[jepsen worker 0] jepsen.util: 0	:ok	:echo	{:echo "Please echo 26", :in_reply_to 26, :msg_id 26, :type "echo_ok"}
2024-03-07 22:14:39,595{GMT}	INFO	[jepsen worker 0] jepsen.util: 0	:invoke	:echo	"Please echo 61"
2024-03-07 22:14:39,597{GMT}	INFO	[jepsen worker 0] jepsen.util: 0	:ok	:echo	{:echo "Please echo 61", :in_reply_to 27, :msg_id 27, :type "echo_ok"}
2024-03-07 22:14:39,628{GMT}	INFO	[jepsen worker 0] jepsen.util: 0	:invoke	:echo	"Please echo 111"
2024-03-07 22:14:39,630{GMT}	INFO	[jepsen worker 0] jepsen.util: 0	:ok	:echo	{:echo "Please echo 111", :in_reply_to 28, :msg_id 28, :type "echo_ok"}
2024-03-07 22:14:39,889{GMT}	INFO	[jepsen worker 0] jepsen.util: 0	:invoke	:echo	"Please echo 121"
2024-03-07 22:14:39,892{GMT}	INFO	[jepsen worker 0] jepsen.util: 0	:ok	:echo	{:echo "Please echo 121", :in_reply_to 29, :msg_id 29, :type "echo_ok"}
2024-03-07 22:14:40,075{GMT}	INFO	[jepsen worker 0] jepsen.util: 0	:invoke	:echo	"Please echo 102"
2024-03-07 22:14:40,078{GMT}	INFO	[jepsen worker 0] jepsen.util: 0	:ok	:echo	{:echo "Please echo 102", :in_reply_to 30, :msg_id 30, :type "echo_ok"}
2024-03-07 22:14:40,386{GMT}	INFO	[jepsen worker 0] jepsen.util: 0	:invoke	:echo	"Please echo 75"
2024-03-07 22:14:40,389{GMT}	INFO	[jepsen worker 0] jepsen.util: 0	:ok	:echo	{:echo "Please echo 75", :in_reply_to 31, :msg_id 31, :type "echo_ok"}
2024-03-07 22:14:40,729{GMT}	INFO	[jepsen worker 0] jepsen.util: 0	:invoke	:echo	"Please echo 28"
2024-03-07 22:14:40,732{GMT}	INFO	[jepsen worker 0] jepsen.util: 0	:ok	:echo	{:echo "Please echo 28", :in_reply_to 32, :msg_id 32, :type "echo_ok"}
2024-03-07 22:14:40,866{GMT}	INFO	[jepsen worker 0] jepsen.util: 0	:invoke	:echo	"Please echo 56"
2024-03-07 22:14:40,869{GMT}	INFO	[jepsen worker 0] jepsen.util: 0	:ok	:echo	{:echo "Please echo 56", :in_reply_to 33, :msg_id 33, :type "echo_ok"}
2024-03-07 22:14:40,953{GMT}	INFO	[jepsen worker 0] jepsen.util: 0	:invoke	:echo	"Please echo 122"
2024-03-07 22:14:40,955{GMT}	INFO	[jepsen worker 0] jepsen.util: 0	:ok	:echo	{:echo "Please echo 122", :in_reply_to 34, :msg_id 34, :type "echo_ok"}
2024-03-07 22:14:41,313{GMT}	INFO	[jepsen worker 0] jepsen.util: 0	:invoke	:echo	"Please echo 37"
2024-03-07 22:14:41,316{GMT}	INFO	[jepsen worker 0] jepsen.util: 0	:ok	:echo	{:echo "Please echo 37", :in_reply_to 35, :msg_id 35, :type "echo_ok"}
2024-03-07 22:14:41,695{GMT}	INFO	[jepsen worker 0] jepsen.util: 0	:invoke	:echo	"Please echo 22"
2024-03-07 22:14:41,697{GMT}	INFO	[jepsen worker 0] jepsen.util: 0	:ok	:echo	{:echo "Please echo 22", :in_reply_to 36, :msg_id 36, :type "echo_ok"}
2024-03-07 22:14:41,701{GMT}	INFO	[jepsen worker 0] jepsen.util: 0	:invoke	:echo	"Please echo 43"
2024-03-07 22:14:41,703{GMT}	INFO	[jepsen worker 0] jepsen.util: 0	:ok	:echo	{:echo "Please echo 43", :in_reply_to 37, :msg_id 37, :type "echo_ok"}
2024-03-07 22:14:41,947{GMT}	INFO	[jepsen worker 0] jepsen.util: 0	:invoke	:echo	"Please echo 72"
2024-03-07 22:14:41,949{GMT}	INFO	[jepsen worker 0] jepsen.util: 0	:ok	:echo	{:echo "Please echo 72", :in_reply_to 38, :msg_id 38, :type "echo_ok"}
2024-03-07 22:14:42,008{GMT}	INFO	[jepsen worker 0] jepsen.util: 0	:invoke	:echo	"Please echo 101"
2024-03-07 22:14:42,010{GMT}	INFO	[jepsen worker 0] jepsen.util: 0	:ok	:echo	{:echo "Please echo 101", :in_reply_to 39, :msg_id 39, :type "echo_ok"}
2024-03-07 22:14:42,292{GMT}	INFO	[jepsen worker 0] jepsen.util: 0	:invoke	:echo	"Please echo 106"
2024-03-07 22:14:42,295{GMT}	INFO	[jepsen worker 0] jepsen.util: 0	:ok	:echo	{:echo "Please echo 106", :in_reply_to 40, :msg_id 40, :type "echo_ok"}
2024-03-07 22:14:42,455{GMT}	INFO	[jepsen worker 0] jepsen.util: 0	:invoke	:echo	"Please echo 47"
2024-03-07 22:14:42,458{GMT}	INFO	[jepsen worker 0] jepsen.util: 0	:ok	:echo	{:echo "Please echo 47", :in_reply_to 41, :msg_id 41, :type "echo_ok"}
2024-03-07 22:14:42,664{GMT}	INFO	[jepsen worker 0] jepsen.util: 0	:invoke	:echo	"Please echo 106"
2024-03-07 22:14:42,666{GMT}	INFO	[jepsen worker 0] jepsen.util: 0	:ok	:echo	{:echo "Please echo 106", :in_reply_to 42, :msg_id 42, :type "echo_ok"}
2024-03-07 22:14:42,763{GMT}	INFO	[jepsen worker 0] jepsen.util: 0	:invoke	:echo	"Please echo 109"
2024-03-07 22:14:42,766{GMT}	INFO	[jepsen worker 0] jepsen.util: 0	:ok	:echo	{:echo "Please echo 109", :in_reply_to 43, :msg_id 43, :type "echo_ok"}
2024-03-07 22:14:43,052{GMT}	INFO	[jepsen worker 0] jepsen.util: 0	:invoke	:echo	"Please echo 109"
2024-03-07 22:14:43,060{GMT}	INFO	[jepsen worker 0] jepsen.util: 0	:ok	:echo	{:echo "Please echo 109", :in_reply_to 44, :msg_id 44, :type "echo_ok"}
2024-03-07 22:14:43,078{GMT}	INFO	[jepsen worker 0] jepsen.util: 0	:invoke	:echo	"Please echo 20"
2024-03-07 22:14:43,080{GMT}	INFO	[jepsen worker 0] jepsen.util: 0	:ok	:echo	{:echo "Please echo 20", :in_reply_to 45, :msg_id 45, :type "echo_ok"}
2024-03-07 22:14:43,175{GMT}	INFO	[jepsen worker 0] jepsen.util: 0	:invoke	:echo	"Please echo 31"
2024-03-07 22:14:43,177{GMT}	INFO	[jepsen worker 0] jepsen.util: 0	:ok	:echo	{:echo "Please echo 31", :in_reply_to 46, :msg_id 46, :type "echo_ok"}
2024-03-07 22:14:43,386{GMT}	INFO	[jepsen worker 0] jepsen.util: 0	:invoke	:echo	"Please echo 104"
2024-03-07 22:14:43,389{GMT}	INFO	[jepsen worker 0] jepsen.util: 0	:ok	:echo	{:echo "Please echo 104", :in_reply_to 47, :msg_id 47, :type "echo_ok"}
2024-03-07 22:14:43,601{GMT}	INFO	[jepsen worker 0] jepsen.util: 0	:invoke	:echo	"Please echo 16"
2024-03-07 22:14:43,603{GMT}	INFO	[jepsen worker 0] jepsen.util: 0	:ok	:echo	{:echo "Please echo 16", :in_reply_to 48, :msg_id 48, :type "echo_ok"}
2024-03-07 22:14:43,934{GMT}	INFO	[jepsen worker 0] jepsen.util: 0	:invoke	:echo	"Please echo 52"
2024-03-07 22:14:43,936{GMT}	INFO	[jepsen worker 0] jepsen.util: 0	:ok	:echo	{:echo "Please echo 52", :in_reply_to 49, :msg_id 49, :type "echo_ok"}
2024-03-07 22:14:43,960{GMT}	INFO	[jepsen test runner] jepsen.core: Run complete, writing
2024-03-07 22:14:44,018{GMT}	INFO	[jepsen node n0] maelstrom.db: Tearing down n0
2024-03-07 22:14:45,116{GMT}	INFO	[jepsen node n0] maelstrom.net: Shutting down Maelstrom network
2024-03-07 22:14:45,118{GMT}	INFO	[jepsen test runner] jepsen.core: Analyzing...
2024-03-07 22:14:45,263{GMT}	INFO	[jepsen test runner] jepsen.core: Analysis complete
2024-03-07 22:14:45,269{GMT}	INFO	[jepsen results] jepsen.store: Wrote /home/shashwat/Downloads/maelstrom/store/echo/20240307T221432.562+0530/results.edn
2024-03-07 22:14:45,284{GMT}	INFO	[jepsen test runner] jepsen.core: {:perf {:latency-graph {:valid? true},
        :rate-graph {:valid? true},
        :valid? true},
 :timeline {:valid? true},
 :exceptions {:valid? true},
 :stats {:valid? true,
         :count 49,
         :ok-count 49,
         :fail-count 0,
         :info-count 0,
         :by-f {:echo {:valid? true,
                       :count 49,
                       :ok-count 49,
                       :fail-count 0,
                       :info-count 0}}},
 :availability {:valid? true, :ok-fraction 1.0},
 :net {:all {:send-count 100,
             :recv-count 100,
             :msg-count 100,
             :msgs-per-op 2.0408163},
       :clients {:send-count 100, :recv-count 100, :msg-count 100},
       :servers {:send-count 0,
                 :recv-count 0,
                 :msg-count 0,
                 :msgs-per-op 0.0},
       :valid? true},
 :workload {:valid? true, :errors ()},
 :valid? true}


Everything looks good! ヽ(‘ー`)ノ
