2024-03-07 22:35:17,372{GMT}	INFO	[jepsen test runner] jepsen.core: Command line:
lein run test -w echo --bin /home/shashwat/go/bin/maelstrom-echo --node-count 1 --time-limit 10
2024-03-07 22:35:17,427{GMT}	INFO	[jepsen test runner] jepsen.core: Running test:
{:args []
 :remote
 #jepsen.control.retry.Remote{:remote #jepsen.control.scp.Remote{:cmd-remote #jepsen.control.sshj.SSHJRemote{:concurrency-limit 6,
                                                                                                             :conn-spec nil,
                                                                                                             :client nil,
                                                                                                             :semaphore nil},
                                                                 :conn-spec nil},
                              :conn nil}
 :log-net-send false
 :node-count 1
 :availability nil
 :max-txn-length 4
 :concurrency 1
 :db
 #object[maelstrom.db$db$reify__16142
         "0x67171221"
         "maelstrom.db$db$reify__16142@67171221"]
 :max-writes-per-key 16
 :leave-db-running? false
 :name "echo"
 :logging-json? false
 :start-time
 #object[org.joda.time.DateTime "0x1c7159d5" "2024-03-07T22:35:17.356+05:30"]
 :nemesis-interval 10
 :net
 #object[maelstrom.net$jepsen_net$reify__15251
         "0x62cad0e8"
         "maelstrom.net$jepsen_net$reify__15251@62cad0e8"]
 :client
 #object[maelstrom.workload.echo$client$reify__16863
         "0x1659a0ff"
         "maelstrom.workload.echo$client$reify__16863@1659a0ff"]
 :barrier
 #object[java.util.concurrent.CyclicBarrier
         "0x1398e3aa"
         "java.util.concurrent.CyclicBarrier@1398e3aa"]
 :log-stderr false
 :pure-generators true
 :ssh {:dummy? true}
 :rate 5
 :checker
 #object[jepsen.checker$compose$reify__11881
         "0x531bffd"
         "jepsen.checker$compose$reify__11881@531bffd"]
 :argv
 ("test"
  "-w"
  "echo"
  "--bin"
  "/home/shashwat/go/bin/maelstrom-echo"
  "--node-count"
  "1"
  "--time-limit"
  "10")
 :nemesis
 (jepsen.nemesis.ReflCompose
  {:fm {:start-partition 0,
        :stop-partition 0,
        :kill 1,
        :start 1,
        :pause 1,
        :resume 1},
   :nemeses [#unprintable "jepsen.nemesis.combined$partition_nemesis$reify__16416@31c87223"
             #unprintable "jepsen.nemesis.combined$db_nemesis$reify__16397@6a4d72bd"]})
 :nodes ["n0"]
 :test-count 1
 :latency {:mean 0, :dist :constant}
 :bin "/home/shashwat/go/bin/maelstrom-echo"
 :generator
 (jepsen.generator.TimeLimit
  {:limit 10000000000,
   :cutoff nil,
   :gen (jepsen.generator.Any
         {:gens [(jepsen.generator.OnThreads
                  {:f #{:nemesis},
                   :context-filter #object[jepsen.generator.context$make_thread_filter$lazy_filter__9167
                                           "0xba76911"
                                           "jepsen.generator.context$make_thread_filter$lazy_filter__9167@ba76911"],
                   :gen nil})
                 (jepsen.generator.OnThreads
                  {:f #jepsen.generator.context.AllBut{:element :nemesis},
                   :context-filter #object[jepsen.generator.context$make_thread_filter$lazy_filter__9167
                                           "0xffb8f15"
                                           "jepsen.generator.context$make_thread_filter$lazy_filter__9167@ffb8f15"],
                   :gen (jepsen.generator.Stagger
                         {:dt 400000000,
                          :next-time nil,
                          :gen (jepsen.generator.EachThread
                                {:fresh-gen #object[maelstrom.workload.echo$workload$fn__16882
                                                    "0x1a0b51e7"
                                                    "maelstrom.workload.echo$workload$fn__16882@1a0b51e7"],
                                 :context-filters #object[clojure.core$promise$reify__8591
                                                          "0x6f96d39f"
                                                          {:status :pending,
                                                           :val nil}],
                                 :gens {}})})})]})})
 :log-net-recv false
 :os
 #object[maelstrom.net$jepsen_os$reify__15254
         "0x5f49c09d"
         "maelstrom.net$jepsen_os$reify__15254@5f49c09d"]
 :time-limit 10
 :workload :echo
 :consistency-models [:strict-serializable]
 :topology :grid}

2024-03-07 22:35:18,962{GMT}	INFO	[jepsen node n0] maelstrom.net: Starting Maelstrom network
2024-03-07 22:35:18,963{GMT}	INFO	[jepsen test runner] jepsen.db: Tearing down DB
2024-03-07 22:35:18,965{GMT}	INFO	[jepsen test runner] jepsen.db: Setting up DB
2024-03-07 22:35:18,969{GMT}	INFO	[jepsen node n0] maelstrom.service: Starting services: (lin-kv lin-tso lww-kv seq-kv)
2024-03-07 22:35:18,973{GMT}	INFO	[jepsen node n0] maelstrom.db: Setting up n0
2024-03-07 22:35:18,974{GMT}	INFO	[jepsen node n0] maelstrom.process: launching /home/shashwat/go/bin/maelstrom-echo []
2024-03-07 22:35:18,997{GMT}	INFO	[jepsen test runner] jepsen.core: Relative time begins now
2024-03-07 22:35:19,010{GMT}	INFO	[jepsen worker 0] jepsen.util: 0	:invoke	:echo	"Please echo 119"
2024-03-07 22:35:19,016{GMT}	INFO	[jepsen worker 0] jepsen.util: 0	:ok	:echo	{:echo "Please echo 119", :in_reply_to 1, :msg_id 1, :type "echo_ok"}
2024-03-07 22:35:19,017{GMT}	INFO	[jepsen worker 0] jepsen.util: 0	:invoke	:echo	"Please echo 68"
2024-03-07 22:35:19,018{GMT}	INFO	[jepsen worker 0] jepsen.util: 0	:ok	:echo	{:echo "Please echo 68", :in_reply_to 2, :msg_id 2, :type "echo_ok"}
2024-03-07 22:35:19,067{GMT}	INFO	[jepsen worker 0] jepsen.util: 0	:invoke	:echo	"Please echo 48"
2024-03-07 22:35:19,069{GMT}	INFO	[jepsen worker 0] jepsen.util: 0	:ok	:echo	{:echo "Please echo 48", :in_reply_to 3, :msg_id 3, :type "echo_ok"}
2024-03-07 22:35:19,386{GMT}	INFO	[jepsen worker 0] jepsen.util: 0	:invoke	:echo	"Please echo 67"
2024-03-07 22:35:19,390{GMT}	INFO	[jepsen worker 0] jepsen.util: 0	:ok	:echo	{:echo "Please echo 67", :in_reply_to 4, :msg_id 4, :type "echo_ok"}
2024-03-07 22:35:19,434{GMT}	INFO	[jepsen worker 0] jepsen.util: 0	:invoke	:echo	"Please echo 115"
2024-03-07 22:35:19,436{GMT}	INFO	[jepsen worker 0] jepsen.util: 0	:ok	:echo	{:echo "Please echo 115", :in_reply_to 5, :msg_id 5, :type "echo_ok"}
2024-03-07 22:35:19,546{GMT}	INFO	[jepsen worker 0] jepsen.util: 0	:invoke	:echo	"Please echo 58"
2024-03-07 22:35:19,549{GMT}	INFO	[jepsen worker 0] jepsen.util: 0	:ok	:echo	{:echo "Please echo 58", :in_reply_to 6, :msg_id 6, :type "echo_ok"}
2024-03-07 22:35:19,902{GMT}	INFO	[jepsen worker 0] jepsen.util: 0	:invoke	:echo	"Please echo 25"
2024-03-07 22:35:19,906{GMT}	INFO	[jepsen worker 0] jepsen.util: 0	:ok	:echo	{:echo "Please echo 25", :in_reply_to 7, :msg_id 7, :type "echo_ok"}
2024-03-07 22:35:20,061{GMT}	INFO	[jepsen worker 0] jepsen.util: 0	:invoke	:echo	"Please echo 65"
2024-03-07 22:35:20,064{GMT}	INFO	[jepsen worker 0] jepsen.util: 0	:ok	:echo	{:echo "Please echo 65", :in_reply_to 8, :msg_id 8, :type "echo_ok"}
2024-03-07 22:35:20,239{GMT}	INFO	[jepsen worker 0] jepsen.util: 0	:invoke	:echo	"Please echo 15"
2024-03-07 22:35:20,241{GMT}	INFO	[jepsen worker 0] jepsen.util: 0	:ok	:echo	{:echo "Please echo 15", :in_reply_to 9, :msg_id 9, :type "echo_ok"}
2024-03-07 22:35:20,270{GMT}	INFO	[jepsen worker 0] jepsen.util: 0	:invoke	:echo	"Please echo 83"
2024-03-07 22:35:20,272{GMT}	INFO	[jepsen worker 0] jepsen.util: 0	:ok	:echo	{:echo "Please echo 83", :in_reply_to 10, :msg_id 10, :type "echo_ok"}
2024-03-07 22:35:20,666{GMT}	INFO	[jepsen worker 0] jepsen.util: 0	:invoke	:echo	"Please echo 62"
2024-03-07 22:35:20,668{GMT}	INFO	[jepsen worker 0] jepsen.util: 0	:ok	:echo	{:echo "Please echo 62", :in_reply_to 11, :msg_id 11, :type "echo_ok"}
2024-03-07 22:35:20,673{GMT}	INFO	[jepsen worker 0] jepsen.util: 0	:invoke	:echo	"Please echo 54"
2024-03-07 22:35:20,676{GMT}	INFO	[jepsen worker 0] jepsen.util: 0	:ok	:echo	{:echo "Please echo 54", :in_reply_to 12, :msg_id 12, :type "echo_ok"}
2024-03-07 22:35:21,065{GMT}	INFO	[jepsen worker 0] jepsen.util: 0	:invoke	:echo	"Please echo 123"
2024-03-07 22:35:21,067{GMT}	INFO	[jepsen worker 0] jepsen.util: 0	:ok	:echo	{:echo "Please echo 123", :in_reply_to 13, :msg_id 13, :type "echo_ok"}
2024-03-07 22:35:21,218{GMT}	INFO	[jepsen worker 0] jepsen.util: 0	:invoke	:echo	"Please echo 7"
2024-03-07 22:35:21,221{GMT}	INFO	[jepsen worker 0] jepsen.util: 0	:ok	:echo	{:echo "Please echo 7", :in_reply_to 14, :msg_id 14, :type "echo_ok"}
2024-03-07 22:35:21,416{GMT}	INFO	[jepsen worker 0] jepsen.util: 0	:invoke	:echo	"Please echo 14"
2024-03-07 22:35:21,419{GMT}	INFO	[jepsen worker 0] jepsen.util: 0	:ok	:echo	{:echo "Please echo 14", :in_reply_to 15, :msg_id 15, :type "echo_ok"}
2024-03-07 22:35:21,816{GMT}	INFO	[jepsen worker 0] jepsen.util: 0	:invoke	:echo	"Please echo 39"
2024-03-07 22:35:21,818{GMT}	INFO	[jepsen worker 0] jepsen.util: 0	:ok	:echo	{:echo "Please echo 39", :in_reply_to 16, :msg_id 16, :type "echo_ok"}
2024-03-07 22:35:21,819{GMT}	INFO	[jepsen worker 0] jepsen.util: 0	:invoke	:echo	"Please echo 61"
2024-03-07 22:35:21,821{GMT}	INFO	[jepsen worker 0] jepsen.util: 0	:ok	:echo	{:echo "Please echo 61", :in_reply_to 17, :msg_id 17, :type "echo_ok"}
2024-03-07 22:35:22,171{GMT}	INFO	[jepsen worker 0] jepsen.util: 0	:invoke	:echo	"Please echo 17"
2024-03-07 22:35:22,173{GMT}	INFO	[jepsen worker 0] jepsen.util: 0	:ok	:echo	{:echo "Please echo 17", :in_reply_to 18, :msg_id 18, :type "echo_ok"}
2024-03-07 22:35:22,277{GMT}	INFO	[jepsen worker 0] jepsen.util: 0	:invoke	:echo	"Please echo 121"
2024-03-07 22:35:22,279{GMT}	INFO	[jepsen worker 0] jepsen.util: 0	:ok	:echo	{:echo "Please echo 121", :in_reply_to 19, :msg_id 19, :type "echo_ok"}
2024-03-07 22:35:22,330{GMT}	INFO	[jepsen worker 0] jepsen.util: 0	:invoke	:echo	"Please echo 116"
2024-03-07 22:35:22,332{GMT}	INFO	[jepsen worker 0] jepsen.util: 0	:ok	:echo	{:echo "Please echo 116", :in_reply_to 20, :msg_id 20, :type "echo_ok"}
2024-03-07 22:35:22,522{GMT}	INFO	[jepsen worker 0] jepsen.util: 0	:invoke	:echo	"Please echo 86"
2024-03-07 22:35:22,524{GMT}	INFO	[jepsen worker 0] jepsen.util: 0	:ok	:echo	{:echo "Please echo 86", :in_reply_to 21, :msg_id 21, :type "echo_ok"}
2024-03-07 22:35:22,648{GMT}	INFO	[jepsen worker 0] jepsen.util: 0	:invoke	:echo	"Please echo 39"
2024-03-07 22:35:22,650{GMT}	INFO	[jepsen worker 0] jepsen.util: 0	:ok	:echo	{:echo "Please echo 39", :in_reply_to 22, :msg_id 22, :type "echo_ok"}
2024-03-07 22:35:22,813{GMT}	INFO	[jepsen worker 0] jepsen.util: 0	:invoke	:echo	"Please echo 43"
2024-03-07 22:35:22,815{GMT}	INFO	[jepsen worker 0] jepsen.util: 0	:ok	:echo	{:echo "Please echo 43", :in_reply_to 23, :msg_id 23, :type "echo_ok"}
2024-03-07 22:35:22,892{GMT}	INFO	[jepsen worker 0] jepsen.util: 0	:invoke	:echo	"Please echo 127"
2024-03-07 22:35:22,895{GMT}	INFO	[jepsen worker 0] jepsen.util: 0	:ok	:echo	{:echo "Please echo 127", :in_reply_to 24, :msg_id 24, :type "echo_ok"}
2024-03-07 22:35:23,282{GMT}	INFO	[jepsen worker 0] jepsen.util: 0	:invoke	:echo	"Please echo 107"
2024-03-07 22:35:23,285{GMT}	INFO	[jepsen worker 0] jepsen.util: 0	:ok	:echo	{:echo "Please echo 107", :in_reply_to 25, :msg_id 25, :type "echo_ok"}
2024-03-07 22:35:23,530{GMT}	INFO	[jepsen worker 0] jepsen.util: 0	:invoke	:echo	"Please echo 6"
2024-03-07 22:35:23,532{GMT}	INFO	[jepsen worker 0] jepsen.util: 0	:ok	:echo	{:echo "Please echo 6", :in_reply_to 26, :msg_id 26, :type "echo_ok"}
2024-03-07 22:35:23,591{GMT}	INFO	[jepsen worker 0] jepsen.util: 0	:invoke	:echo	"Please echo 24"
2024-03-07 22:35:23,593{GMT}	INFO	[jepsen worker 0] jepsen.util: 0	:ok	:echo	{:echo "Please echo 24", :in_reply_to 27, :msg_id 27, :type "echo_ok"}
2024-03-07 22:35:23,856{GMT}	INFO	[jepsen worker 0] jepsen.util: 0	:invoke	:echo	"Please echo 109"
2024-03-07 22:35:23,858{GMT}	INFO	[jepsen worker 0] jepsen.util: 0	:ok	:echo	{:echo "Please echo 109", :in_reply_to 28, :msg_id 28, :type "echo_ok"}
2024-03-07 22:35:24,169{GMT}	INFO	[jepsen worker 0] jepsen.util: 0	:invoke	:echo	"Please echo 97"
2024-03-07 22:35:24,170{GMT}	INFO	[jepsen worker 0] jepsen.util: 0	:ok	:echo	{:echo "Please echo 97", :in_reply_to 29, :msg_id 29, :type "echo_ok"}
2024-03-07 22:35:24,472{GMT}	INFO	[jepsen worker 0] jepsen.util: 0	:invoke	:echo	"Please echo 56"
2024-03-07 22:35:24,474{GMT}	INFO	[jepsen worker 0] jepsen.util: 0	:ok	:echo	{:echo "Please echo 56", :in_reply_to 30, :msg_id 30, :type "echo_ok"}
2024-03-07 22:35:24,674{GMT}	INFO	[jepsen worker 0] jepsen.util: 0	:invoke	:echo	"Please echo 126"
2024-03-07 22:35:24,676{GMT}	INFO	[jepsen worker 0] jepsen.util: 0	:ok	:echo	{:echo "Please echo 126", :in_reply_to 31, :msg_id 31, :type "echo_ok"}
2024-03-07 22:35:24,959{GMT}	INFO	[jepsen worker 0] jepsen.util: 0	:invoke	:echo	"Please echo 36"
2024-03-07 22:35:24,961{GMT}	INFO	[jepsen worker 0] jepsen.util: 0	:ok	:echo	{:echo "Please echo 36", :in_reply_to 32, :msg_id 32, :type "echo_ok"}
2024-03-07 22:35:25,240{GMT}	INFO	[jepsen worker 0] jepsen.util: 0	:invoke	:echo	"Please echo 37"
2024-03-07 22:35:25,242{GMT}	INFO	[jepsen worker 0] jepsen.util: 0	:ok	:echo	{:echo "Please echo 37", :in_reply_to 33, :msg_id 33, :type "echo_ok"}
2024-03-07 22:35:25,439{GMT}	INFO	[jepsen worker 0] jepsen.util: 0	:invoke	:echo	"Please echo 88"
2024-03-07 22:35:25,441{GMT}	INFO	[jepsen worker 0] jepsen.util: 0	:ok	:echo	{:echo "Please echo 88", :in_reply_to 34, :msg_id 34, :type "echo_ok"}
2024-03-07 22:35:25,703{GMT}	INFO	[jepsen worker 0] jepsen.util: 0	:invoke	:echo	"Please echo 120"
2024-03-07 22:35:25,705{GMT}	INFO	[jepsen worker 0] jepsen.util: 0	:ok	:echo	{:echo "Please echo 120", :in_reply_to 35, :msg_id 35, :type "echo_ok"}
2024-03-07 22:35:26,062{GMT}	INFO	[jepsen worker 0] jepsen.util: 0	:invoke	:echo	"Please echo 63"
2024-03-07 22:35:26,065{GMT}	INFO	[jepsen worker 0] jepsen.util: 0	:ok	:echo	{:echo "Please echo 63", :in_reply_to 36, :msg_id 36, :type "echo_ok"}
2024-03-07 22:35:26,240{GMT}	INFO	[jepsen worker 0] jepsen.util: 0	:invoke	:echo	"Please echo 65"
2024-03-07 22:35:26,243{GMT}	INFO	[jepsen worker 0] jepsen.util: 0	:ok	:echo	{:echo "Please echo 65", :in_reply_to 37, :msg_id 37, :type "echo_ok"}
2024-03-07 22:35:26,463{GMT}	INFO	[jepsen worker 0] jepsen.util: 0	:invoke	:echo	"Please echo 127"
2024-03-07 22:35:26,465{GMT}	INFO	[jepsen worker 0] jepsen.util: 0	:ok	:echo	{:echo "Please echo 127", :in_reply_to 38, :msg_id 38, :type "echo_ok"}
2024-03-07 22:35:26,853{GMT}	INFO	[jepsen worker 0] jepsen.util: 0	:invoke	:echo	"Please echo 110"
2024-03-07 22:35:26,855{GMT}	INFO	[jepsen worker 0] jepsen.util: 0	:ok	:echo	{:echo "Please echo 110", :in_reply_to 39, :msg_id 39, :type "echo_ok"}
2024-03-07 22:35:27,233{GMT}	INFO	[jepsen worker 0] jepsen.util: 0	:invoke	:echo	"Please echo 61"
2024-03-07 22:35:27,235{GMT}	INFO	[jepsen worker 0] jepsen.util: 0	:ok	:echo	{:echo "Please echo 61", :in_reply_to 40, :msg_id 40, :type "echo_ok"}
2024-03-07 22:35:27,560{GMT}	INFO	[jepsen worker 0] jepsen.util: 0	:invoke	:echo	"Please echo 44"
2024-03-07 22:35:27,562{GMT}	INFO	[jepsen worker 0] jepsen.util: 0	:ok	:echo	{:echo "Please echo 44", :in_reply_to 41, :msg_id 41, :type "echo_ok"}
2024-03-07 22:35:27,898{GMT}	INFO	[jepsen worker 0] jepsen.util: 0	:invoke	:echo	"Please echo 90"
2024-03-07 22:35:27,901{GMT}	INFO	[jepsen worker 0] jepsen.util: 0	:ok	:echo	{:echo "Please echo 90", :in_reply_to 42, :msg_id 42, :type "echo_ok"}
2024-03-07 22:35:28,258{GMT}	INFO	[jepsen worker 0] jepsen.util: 0	:invoke	:echo	"Please echo 101"
2024-03-07 22:35:28,261{GMT}	INFO	[jepsen worker 0] jepsen.util: 0	:ok	:echo	{:echo "Please echo 101", :in_reply_to 43, :msg_id 43, :type "echo_ok"}
2024-03-07 22:35:28,519{GMT}	INFO	[jepsen worker 0] jepsen.util: 0	:invoke	:echo	"Please echo 109"
2024-03-07 22:35:28,522{GMT}	INFO	[jepsen worker 0] jepsen.util: 0	:ok	:echo	{:echo "Please echo 109", :in_reply_to 44, :msg_id 44, :type "echo_ok"}
2024-03-07 22:35:28,522{GMT}	INFO	[jepsen worker 0] jepsen.util: 0	:invoke	:echo	"Please echo 28"
2024-03-07 22:35:28,524{GMT}	INFO	[jepsen worker 0] jepsen.util: 0	:ok	:echo	{:echo "Please echo 28", :in_reply_to 45, :msg_id 45, :type "echo_ok"}
2024-03-07 22:35:28,813{GMT}	INFO	[jepsen worker 0] jepsen.util: 0	:invoke	:echo	"Please echo 103"
2024-03-07 22:35:28,815{GMT}	INFO	[jepsen worker 0] jepsen.util: 0	:ok	:echo	{:echo "Please echo 103", :in_reply_to 46, :msg_id 46, :type "echo_ok"}
2024-03-07 22:35:28,831{GMT}	INFO	[jepsen test runner] jepsen.core: Run complete, writing
2024-03-07 22:35:28,879{GMT}	INFO	[jepsen node n0] maelstrom.db: Tearing down n0
2024-03-07 22:35:29,976{GMT}	INFO	[jepsen node n0] maelstrom.net: Shutting down Maelstrom network
2024-03-07 22:35:29,978{GMT}	INFO	[jepsen test runner] jepsen.core: Analyzing...
2024-03-07 22:35:30,116{GMT}	INFO	[jepsen test runner] jepsen.core: Analysis complete
2024-03-07 22:35:30,123{GMT}	INFO	[jepsen results] jepsen.store: Wrote /home/shashwat/Downloads/maelstrom/store/echo/20240307T223517.356+0530/results.edn
2024-03-07 22:35:30,135{GMT}	INFO	[jepsen test runner] jepsen.core: {:perf {:latency-graph {:valid? true},
        :rate-graph {:valid? true},
        :valid? true},
 :timeline {:valid? true},
 :exceptions {:valid? true},
 :stats {:valid? true,
         :count 46,
         :ok-count 46,
         :fail-count 0,
         :info-count 0,
         :by-f {:echo {:valid? true,
                       :count 46,
                       :ok-count 46,
                       :fail-count 0,
                       :info-count 0}}},
 :availability {:valid? true, :ok-fraction 1.0},
 :net {:all {:send-count 94,
             :recv-count 94,
             :msg-count 94,
             :msgs-per-op 2.0434783},
       :clients {:send-count 94, :recv-count 94, :msg-count 94},
       :servers {:send-count 0,
                 :recv-count 0,
                 :msg-count 0,
                 :msgs-per-op 0.0},
       :valid? true},
 :workload {:valid? true, :errors ()},
 :valid? true}


Everything looks good! ヽ(‘ー`)ノ
